<?xml version="1.0" encoding="UTF-8"?>
<!-- Generated by org.testng.reporters.JUnitReportReporter -->
<testsuite hostname="DELL" name="testRunner.TestRunner" tests="2" failures="0" timestamp="13 Oct 2018 04:07:28 GMT" time="0.142" errors="0">
  <testcase name="feature" time="0.054" classname="testRunner.TestRunner"/>
  <testcase name="feature" time="0.088" classname="testRunner.TestRunner"/>
</testsuite> <!-- testRunner.TestRunner -->
