<?xml version="1.0" encoding="UTF-8"?>
<!-- Generated by org.testng.reporters.JUnitReportReporter -->
<testsuite hostname="DELL" name="com.comcast.ucAppAutomation.businessDrivenTesting.cucumberOptions.TestRunner" tests="8" failures="0" timestamp="14 Oct 2018 11:23:38 GMT" time="0.453" errors="0">
  <testcase name="runScenario" time="0.006" classname="com.comcast.ucAppAutomation.businessDrivenTesting.cucumberOptions.TestRunner"/>
  <testcase name="runScenario" time="0.004" classname="com.comcast.ucAppAutomation.businessDrivenTesting.cucumberOptions.TestRunner"/>
  <testcase name="runScenario" time="0.010" classname="com.comcast.ucAppAutomation.businessDrivenTesting.cucumberOptions.TestRunner"/>
  <testcase name="runScenario" time="0.204" classname="com.comcast.ucAppAutomation.businessDrivenTesting.cucumberOptions.TestRunner"/>
  <testcase name="runScenario" time="0.003" classname="com.comcast.ucAppAutomation.businessDrivenTesting.cucumberOptions.TestRunner"/>
  <testcase name="runScenario" time="0.204" classname="com.comcast.ucAppAutomation.businessDrivenTesting.cucumberOptions.TestRunner"/>
  <testcase name="runScenario" time="0.007" classname="com.comcast.ucAppAutomation.businessDrivenTesting.cucumberOptions.TestRunner"/>
  <testcase name="runScenario" time="0.015" classname="com.comcast.ucAppAutomation.businessDrivenTesting.cucumberOptions.TestRunner"/>
</testsuite> <!-- com.comcast.ucAppAutomation.businessDrivenTesting.cucumberOptions.TestRunner -->
