<?xml version="1.0" encoding="UTF-8"?>
<!-- Generated by org.testng.reporters.JUnitReportReporter -->
<testsuite hostname="DELL" name="com.comcast.ucAppAutomation.businessDrivenTesting.cucumberOptions.TestRunner" tests="8" failures="0" timestamp="14 Oct 2018 11:41:31 GMT" time="0.471" errors="0">
  <testcase name="runScenario" time="0.004" classname="com.comcast.ucAppAutomation.businessDrivenTesting.cucumberOptions.TestRunner"/>
  <testcase name="runScenario" time="0.003" classname="com.comcast.ucAppAutomation.businessDrivenTesting.cucumberOptions.TestRunner"/>
  <testcase name="runScenario" time="0.226" classname="com.comcast.ucAppAutomation.businessDrivenTesting.cucumberOptions.TestRunner"/>
  <testcase name="runScenario" time="0.003" classname="com.comcast.ucAppAutomation.businessDrivenTesting.cucumberOptions.TestRunner"/>
  <testcase name="runScenario" time="0.003" classname="com.comcast.ucAppAutomation.businessDrivenTesting.cucumberOptions.TestRunner"/>
  <testcase name="runScenario" time="0.226" classname="com.comcast.ucAppAutomation.businessDrivenTesting.cucumberOptions.TestRunner"/>
  <testcase name="runScenario" time="0.003" classname="com.comcast.ucAppAutomation.businessDrivenTesting.cucumberOptions.TestRunner"/>
  <testcase name="runScenario" time="0.003" classname="com.comcast.ucAppAutomation.businessDrivenTesting.cucumberOptions.TestRunner"/>
</testsuite> <!-- com.comcast.ucAppAutomation.businessDrivenTesting.cucumberOptions.TestRunner -->
